[2021-07-27 23:19:56] local.ERROR: Geocoding failed because `The provided API key is expired.` {"userId":11,"exception":"[object] (Spatie\\Geocoder\\Exceptions\\CouldNotGeocode(code: 0): Geocoding failed because `The provided API key is expired.` at /var/www/vhosts/service24.ci/appsdemo.service24.ci/vendor/spatie/geocoder/src/Exceptions/CouldNotGeocode.php:16)
[stacktrace]
#0 /var/www/vhosts/service24.ci/appsdemo.service24.ci/vendor/spatie/geocoder/src/Geocoder.php(96): Spatie\\Geocoder\\Exceptions\\CouldNotGeocode::serviceReturnedError()
#1 /var/www/vhosts/service24.ci/appsdemo.service24.ci/vendor/spatie/geocoder/src/Geocoder.php(75): Spatie\\Geocoder\\Geocoder->getAllCoordinatesForAddress()
#2 /var/www/vhosts/service24.ci/appsdemo.service24.ci/app/Http/Controllers/RestorantController.php(470): Spatie\\Geocoder\\Geocoder->getCoordinatesForAddress()
#3 /var/www/vhosts/service24.ci/appsdemo.service24.ci/vendor/laravel/framework/src/Illuminate/Routing/Controller.php(54): App\\Http\\Controllers\\RestorantController->getCoordinatesForAddress()
#4 /var/www/vhosts/service24.ci/appsdemo.service24.ci/vendor/laravel/framework/src/Illuminate/Routing/ControllerDispatcher.php(45): Illuminate\\Routing\\Controller->callAction()
#5 /var/www/vhosts/service24.ci/appsdemo.service24.ci/vendor/laravel/framework/src/Illuminate/Routing/Route.php(254): Illuminate\\Routing\\ControllerDispatcher->dispatch()
#6 /var/www/vhosts/service24.ci/appsdemo.service24.ci/vendor/laravel/framework/src/Illuminate/Routing/Route.php(197): Illuminate\\Routing\\Route->runController()
#7 /var/www/vhosts/service24.ci/appsdemo.service24.ci/vendor/laravel/framework/src/Illuminate/Routing/Router.php(692): Illuminate\\Routing\\Route->run()
#8 /var/www/vhosts/service24.ci/appsdemo.service24.ci/vendor/laravel/framework/src/Illuminate/Pipeline/Pipeline.php(128): Illuminate\\Routing\\Router->Illuminate\\Routing\\{closure}()
#9 /var/www/vhosts/service24.ci/appsdemo.service24.ci/vendor/laravel/framework/src/Illuminate/Routing/Middleware/SubstituteBindings.php(41): Illuminate\\Pipeline\\Pipeline->Illuminate\\Pipeline\\{closure}()
#10 /var/www/vhosts/service24.ci/appsdemo.service24.ci/vendor/laravel/framework/src/Illuminate/Pipeline/Pipeline.php(167): Illuminate\\Routing\\Middleware\\SubstituteBindings->handle()
#11 /var/www/vhosts/service24.ci/appsdemo.service24.ci/vendor/laravel/framework/src/Illuminate/Auth/Middleware/Authenticate.php(44): Illuminate\\Pipeline\\Pipeline->Illuminate\\Pipeline\\{closure}()
#12 /var/www/vhosts/service24.ci/appsdemo.service24.ci/vendor/laravel/framework/src/Illuminate/Pipeline/Pipeline.php(167): Illuminate\\Auth\\Middleware\\Authenticate->handle()
#13 /var/www/vhosts/service24.ci/appsdemo.service24.ci/vendor/laravel/framework/src/Illuminate/Foundation/Http/Middleware/VerifyCsrfToken.php(78): Illuminate\\Pipeline\\Pipeline->Illuminate\\Pipeline\\{closure}()
#14 /var/www/vhosts/service24.ci/appsdemo.service24.ci/vendor/laravel/framework/src/Illuminate/Pipeline/Pipeline.php(167): Illuminate\\Foundation\\Http\\Middleware\\VerifyCsrfToken->handle()
#15 /var/www/vhosts/service24.ci/appsdemo.service24.ci/vendor/laravel/framework/src/Illuminate/View/Middleware/ShareErrorsFromSession.php(49): Illuminate\\Pipeline\\Pipeline->Illuminate\\Pipeline\\{closure}()
#16 /var/www/vhosts/service24.ci/appsdemo.service24.ci/vendor/laravel/framework/src/Illuminate/Pipeline/Pipeline.php(167): Illuminate\\View\\Middleware\\ShareErrorsFromSession->handle()
#17 /var/www/vhosts/service24.ci/appsdemo.service24.ci/app/Http/Middleware/Language.php(32): Illuminate\\Pipeline\\Pipeline->Illuminate\\Pipeline\\{closure}()
#18 /var/www/vhosts/service24.ci/appsdemo.service24.ci/vendor/laravel/framework/src/Illuminate/Pipeline/Pipeline.php(167): App\\Http\\Middleware\\Language->handle()
#19 /var/www/vhosts/service24.ci/appsdemo.service24.ci/vendor/laravel/framework/src/Illuminate/Session/Middleware/StartSession.php(121): Illuminate\\Pipeline\\Pipeline->Illuminate\\Pipeline\\{closure}()
#20 /var/www/vhosts/service24.ci/appsdemo.service24.ci/vendor/laravel/framework/src/Illuminate/Session/Middleware/StartSession.php(63): Illuminate\\Session\\Middleware\\StartSession->handleStatefulRequest()
#21 /var/www/vhosts/service24.ci/appsdemo.service24.ci/vendor/laravel/framework/src/Illuminate/Pipeline/Pipeline.php(167): Illuminate\\Session\\Middleware\\StartSession->handle()
#22 /var/www/vhosts/service24.ci/appsdemo.service24.ci/vendor/laravel/framework/src/Illuminate/Cookie/Middleware/AddQueuedCookiesToResponse.php(37): Illuminate\\Pipeline\\Pipeline->Illuminate\\Pipeline\\{closure}()
#23 /var/www/vhosts/service24.ci/appsdemo.service24.ci/vendor/laravel/framework/src/Illuminate/Pipeline/Pipeline.php(167): Illuminate\\Cookie\\Middleware\\AddQueuedCookiesToResponse->handle()
#24 /var/www/vhosts/service24.ci/appsdemo.service24.ci/vendor/laravel/framework/src/Illuminate/Cookie/Middleware/EncryptCookies.php(67): Illuminate\\Pipeline\\Pipeline->Illuminate\\Pipeline\\{closure}()
#25 /var/www/vhosts/service24.ci/appsdemo.service24.ci/vendor/laravel/framework/src/Illuminate/Pipeline/Pipeline.php(167): Illuminate\\Cookie\\Middleware\\EncryptCookies->handle()
#26 /var/www/vhosts/service24.ci/appsdemo.service24.ci/vendor/mobidonia/laravel-dashboard-installer/src/Middleware/ToInstallMiddleware.php(23): Illuminate\\Pipeline\\Pipeline->Illuminate\\Pipeline\\{closure}()
#27 /var/www/vhosts/service24.ci/appsdemo.service24.ci/vendor/laravel/framework/src/Illuminate/Pipeline/Pipeline.php(167): dacoto\\LaravelInstaller\\Middleware\\ToInstallMiddleware->handle()
#28 /var/www/vhosts/service24.ci/appsdemo.service24.ci/vendor/laravel/framework/src/Illuminate/Pipeline/Pipeline.php(103): Illuminate\\Pipeline\\Pipeline->Illuminate\\Pipeline\\{closure}()
#29 /var/www/vhosts/service24.ci/appsdemo.service24.ci/vendor/laravel/framework/src/Illuminate/Routing/Router.php(694): Illuminate\\Pipeline\\Pipeline->then()
#30 /var/www/vhosts/service24.ci/appsdemo.service24.ci/vendor/laravel/framework/src/Illuminate/Routing/Router.php(669): Illuminate\\Routing\\Router->runRouteWithinStack()
#31 /var/www/vhosts/service24.ci/appsdemo.service24.ci/vendor/laravel/framework/src/Illuminate/Routing/Router.php(635): Illuminate\\Routing\\Router->runRoute()
#32 /var/www/vhosts/service24.ci/appsdemo.service24.ci/vendor/laravel/framework/src/Illuminate/Routing/Router.php(624): Illuminate\\Routing\\Router->dispatchToRoute()
#33 /var/www/vhosts/service24.ci/appsdemo.service24.ci/vendor/laravel/framework/src/Illuminate/Foundation/Http/Kernel.php(166): Illuminate\\Routing\\Router->dispatch()
#34 /var/www/vhosts/service24.ci/appsdemo.service24.ci/vendor/laravel/framework/src/Illuminate/Pipeline/Pipeline.php(128): Illuminate\\Foundation\\Http\\Kernel->Illuminate\\Foundation\\Http\\{closure}()
#35 /var/www/vhosts/service24.ci/appsdemo.service24.ci/vendor/barryvdh/laravel-debugbar/src/Middleware/InjectDebugbar.php(67): Illuminate\\Pipeline\\Pipeline->Illuminate\\Pipeline\\{closure}()
#36 /var/www/vhosts/service24.ci/appsdemo.service24.ci/vendor/laravel/framework/src/Illuminate/Pipeline/Pipeline.php(167): Barryvdh\\Debugbar\\Middleware\\InjectDebugbar->handle()
#37 /var/www/vhosts/service24.ci/appsdemo.service24.ci/vendor/laravel/framework/src/Illuminate/Foundation/Http/Middleware/TransformsRequest.php(21): Illuminate\\Pipeline\\Pipeline->Illuminate\\Pipeline\\{closure}()
#38 /var/www/vhosts/service24.ci/appsdemo.service24.ci/vendor/laravel/framework/src/Illuminate/Pipeline/Pipeline.php(167): Illuminate\\Foundation\\Http\\Middleware\\TransformsRequest->handle()
#39 /var/www/vhosts/service24.ci/appsdemo.service24.ci/vendor/laravel/framework/src/Illuminate/Foundation/Http/Middleware/TransformsRequest.php(21): Illuminate\\Pipeline\\Pipeline->Illuminate\\Pipeline\\{closure}()
#40 /var/www/vhosts/service24.ci/appsdemo.service24.ci/vendor/laravel/framework/src/Illuminate/Pipeline/Pipeline.php(167): Illuminate\\Foundation\\Http\\Middleware\\TransformsRequest->handle()
#41 /var/www/vhosts/service24.ci/appsdemo.service24.ci/vendor/laravel/framework/src/Illuminate/Foundation/Http/Middleware/ValidatePostSize.php(27): Illuminate\\Pipeline\\Pipeline->Illuminate\\Pipeline\\{closure}()
#42 /var/www/vhosts/service24.ci/appsdemo.service24.ci/vendor/laravel/framework/src/Illuminate/Pipeline/Pipeline.php(167): Illuminate\\Foundation\\Http\\Middleware\\ValidatePostSize->handle()
#43 /var/www/vhosts/service24.ci/appsdemo.service24.ci/vendor/laravel/framework/src/Illuminate/Foundation/Http/Middleware/PreventRequestsDuringMaintenance.php(86): Illuminate\\Pipeline\\Pipeline->Illuminate\\Pipeline\\{closure}()
#44 /var/www/vhosts/service24.ci/appsdemo.service24.ci/vendor/laravel/framework/src/Illuminate/Pipeline/Pipeline.php(167): Illuminate\\Foundation\\Http\\Middleware\\PreventRequestsDuringMaintenance->handle()
#45 /var/www/vhosts/service24.ci/appsdemo.service24.ci/vendor/fruitcake/laravel-cors/src/HandleCors.php(37): Illuminate\\Pipeline\\Pipeline->Illuminate\\Pipeline\\{closure}()
#46 /var/www/vhosts/service24.ci/appsdemo.service24.ci/vendor/laravel/framework/src/Illuminate/Pipeline/Pipeline.php(167): Fruitcake\\Cors\\HandleCors->handle()
#47 /var/www/vhosts/service24.ci/appsdemo.service24.ci/vendor/fideloper/proxy/src/TrustProxies.php(57): Illuminate\\Pipeline\\Pipeline->Illuminate\\Pipeline\\{closure}()
#48 /var/www/vhosts/service24.ci/appsdemo.service24.ci/vendor/laravel/framework/src/Illuminate/Pipeline/Pipeline.php(167): Fideloper\\Proxy\\TrustProxies->handle()
#49 /var/www/vhosts/service24.ci/appsdemo.service24.ci/vendor/laravel/framework/src/Illuminate/Pipeline/Pipeline.php(103): Illuminate\\Pipeline\\Pipeline->Illuminate\\Pipeline\\{closure}()
#50 /var/www/vhosts/service24.ci/appsdemo.service24.ci/vendor/laravel/framework/src/Illuminate/Foundation/Http/Kernel.php(141): Illuminate\\Pipeline\\Pipeline->then()
#51 /var/www/vhosts/service24.ci/appsdemo.service24.ci/vendor/laravel/framework/src/Illuminate/Foundation/Http/Kernel.php(110): Illuminate\\Foundation\\Http\\Kernel->sendRequestThroughRouter()
#52 /var/www/vhosts/service24.ci/appsdemo.service24.ci/public/index.php(52): Illuminate\\Foundation\\Http\\Kernel->handle()
#53 {main}
"} 
